Replace Part C? CAP_10uF/10V/1608 in C:\Onedrive\04_Development\01_Project\Active\00_Auxiliary_Bd\Proj-Auxiliary_Boards\03_DC-DC_Converter_Bd_TYPE-A\Rev_A\02_HW\Power Module (Type-A)\03_DC-DC_Converter.SchDoc with CAP_10uF/10V/1608 from Arkx.IntLib
Replace Part C? CAP_10uF/10V/1608 in C:\Onedrive\04_Development\01_Project\Active\00_Auxiliary_Bd\Proj-Auxiliary_Boards\03_DC-DC_Converter_Bd_TYPE-A\Rev_A\02_HW\Power Module (Type-A)\03_DC-DC_Converter.SchDoc with CAP_10uF/10V/1608 from Arkx.IntLib
Replace Part C? CAP_100nF/50V/1608 in C:\Onedrive\04_Development\01_Project\Active\00_Auxiliary_Bd\Proj-Auxiliary_Boards\03_DC-DC_Converter_Bd_TYPE-A\Rev_A\02_HW\Power Module (Type-A)\03_DC-DC_Converter.SchDoc with CAP_100nF/50V/1608 from Arkx.IntLib
Replace Part C? CAP_100nF/50V/1608 in C:\Onedrive\04_Development\01_Project\Active\00_Auxiliary_Bd\Proj-Auxiliary_Boards\03_DC-DC_Converter_Bd_TYPE-A\Rev_A\02_HW\Power Module (Type-A)\03_DC-DC_Converter.SchDoc with CAP_100nF/50V/1608 from Arkx.IntLib
Replace Part C? CAP_100nF/16V/1005 in C:\Onedrive\04_Development\01_Project\Active\00_Auxiliary_Bd\Proj-Auxiliary_Boards\03_DC-DC_Converter_Bd_TYPE-A\Rev_A\02_HW\Power Module (Type-A)\03_DC-DC_Converter.SchDoc with CAP_100nF/16V/1005 from Arkx.IntLib
Replace Part C? CAP_100nF/50V/2012 in C:\Onedrive\04_Development\01_Project\Active\00_Auxiliary_Bd\Proj-Auxiliary_Boards\03_DC-DC_Converter_Bd_TYPE-A\Rev_A\02_HW\Power Module (Type-A)\03_DC-DC_Converter.SchDoc with CAP_100nF/50V/2012 from Arkx.IntLib
Replace Part C? CAP_2.2uF/50V/2012 in C:\Onedrive\04_Development\01_Project\Active\00_Auxiliary_Bd\Proj-Auxiliary_Boards\03_DC-DC_Converter_Bd_TYPE-A\Rev_A\02_HW\Power Module (Type-A)\03_DC-DC_Converter.SchDoc with CAP_2.2uF/50V/2012 from Arkx.IntLib
Replace Part C? CAP_10uF/50V/2012 in C:\Onedrive\04_Development\01_Project\Active\00_Auxiliary_Bd\Proj-Auxiliary_Boards\03_DC-DC_Converter_Bd_TYPE-A\Rev_A\02_HW\Power Module (Type-A)\03_DC-DC_Converter.SchDoc with CAP_10uF/50V/2012 from Arkx.IntLib
Replace Part C? CAP_100nF/50V/2012 in C:\Onedrive\04_Development\01_Project\Active\00_Auxiliary_Bd\Proj-Auxiliary_Boards\03_DC-DC_Converter_Bd_TYPE-A\Rev_A\02_HW\Power Module (Type-A)\03_DC-DC_Converter.SchDoc with CAP_100nF/50V/2012 from Arkx.IntLib
Replace Part C? CAP_2.2uF/50V/2012 in C:\Onedrive\04_Development\01_Project\Active\00_Auxiliary_Bd\Proj-Auxiliary_Boards\03_DC-DC_Converter_Bd_TYPE-A\Rev_A\02_HW\Power Module (Type-A)\03_DC-DC_Converter.SchDoc with CAP_2.2uF/50V/2012 from Arkx.IntLib
Replace Part C? CAP_10uF/50V/2012 in C:\Onedrive\04_Development\01_Project\Active\00_Auxiliary_Bd\Proj-Auxiliary_Boards\03_DC-DC_Converter_Bd_TYPE-A\Rev_A\02_HW\Power Module (Type-A)\03_DC-DC_Converter.SchDoc with CAP_10uF/50V/2012 from Arkx.IntLib
Replace Part C? CAP_10uF/35V/2012 in C:\Onedrive\04_Development\01_Project\Active\00_Auxiliary_Bd\Proj-Auxiliary_Boards\03_DC-DC_Converter_Bd_TYPE-A\Rev_A\02_HW\Power Module (Type-A)\03_DC-DC_Converter.SchDoc with CAP_10uF/35V/2012 from Arkx.IntLib
Replace Part C? CAP_10uF/35V/2012 in C:\Onedrive\04_Development\01_Project\Active\00_Auxiliary_Bd\Proj-Auxiliary_Boards\03_DC-DC_Converter_Bd_TYPE-A\Rev_A\02_HW\Power Module (Type-A)\03_DC-DC_Converter.SchDoc with CAP_10uF/35V/2012 from Arkx.IntLib
Replace Part C? CAP_10uF/35V/2012 in C:\Onedrive\04_Development\01_Project\Active\00_Auxiliary_Bd\Proj-Auxiliary_Boards\03_DC-DC_Converter_Bd_TYPE-A\Rev_A\02_HW\Power Module (Type-A)\03_DC-DC_Converter.SchDoc with CAP_10uF/35V/2012 from Arkx.IntLib
Replace Part C? CAP_100nF/50V/1608 in C:\Onedrive\04_Development\01_Project\Active\00_Auxiliary_Bd\Proj-Auxiliary_Boards\03_DC-DC_Converter_Bd_TYPE-A\Rev_A\02_HW\Power Module (Type-A)\03_DC-DC_Converter.SchDoc with CAP_100nF/50V/1608 from Arkx.IntLib
Replace Part C? CAP_100nF/50V/1608 in C:\Onedrive\04_Development\01_Project\Active\00_Auxiliary_Bd\Proj-Auxiliary_Boards\03_DC-DC_Converter_Bd_TYPE-A\Rev_A\02_HW\Power Module (Type-A)\03_DC-DC_Converter.SchDoc with CAP_100nF/50V/1608 from Arkx.IntLib
Replace Part C? CAP_100nF/50V/1608 in C:\Onedrive\04_Development\01_Project\Active\00_Auxiliary_Bd\Proj-Auxiliary_Boards\03_DC-DC_Converter_Bd_TYPE-A\Rev_A\02_HW\Power Module (Type-A)\03_DC-DC_Converter.SchDoc with CAP_100nF/50V/1608 from Arkx.IntLib
Replace Part C? CAP_2.2uF/50V/2012 in C:\Onedrive\04_Development\01_Project\Active\00_Auxiliary_Bd\Proj-Auxiliary_Boards\03_DC-DC_Converter_Bd_TYPE-A\Rev_A\02_HW\Power Module (Type-A)\03_DC-DC_Converter.SchDoc with CAP_2.2uF/50V/2012 from Arkx.IntLib
Replace Part C? CAP_10uF/35V/2012 in C:\Onedrive\04_Development\01_Project\Active\00_Auxiliary_Bd\Proj-Auxiliary_Boards\03_DC-DC_Converter_Bd_TYPE-A\Rev_A\02_HW\Power Module (Type-A)\03_DC-DC_Converter.SchDoc with CAP_10uF/35V/2012 from Arkx.IntLib
Replace Part D? DIO_SS34 in C:\Onedrive\04_Development\01_Project\Active\00_Auxiliary_Bd\Proj-Auxiliary_Boards\03_DC-DC_Converter_Bd_TYPE-A\Rev_A\02_HW\Power Module (Type-A)\03_DC-DC_Converter.SchDoc with DIO_SS34 from Arkx.IntLib
Replace Part EC? CAP_EC 100uF/35V/6.3¨ªx7.7 in C:\Onedrive\04_Development\01_Project\Active\00_Auxiliary_Bd\Proj-Auxiliary_Boards\03_DC-DC_Converter_Bd_TYPE-A\Rev_A\02_HW\Power Module (Type-A)\03_DC-DC_Converter.SchDoc with CAP_EC 100uF/35V/6.3¨ªx7.7 from Arkx.IntLib
Replace Part EC? CAP_EC 100uF/35V/6.3¨ªx7.7 in C:\Onedrive\04_Development\01_Project\Active\00_Auxiliary_Bd\Proj-Auxiliary_Boards\03_DC-DC_Converter_Bd_TYPE-A\Rev_A\02_HW\Power Module (Type-A)\03_DC-DC_Converter.SchDoc with CAP_EC 100uF/35V/6.3¨ªx7.7 from Arkx.IntLib
Replace Part EC? CAP_EC 330uF/35V/10¨ªx10 in C:\Onedrive\04_Development\01_Project\Active\00_Auxiliary_Bd\Proj-Auxiliary_Boards\03_DC-DC_Converter_Bd_TYPE-A\Rev_A\02_HW\Power Module (Type-A)\03_DC-DC_Converter.SchDoc with CAP_EC 330uF/35V/10¨ªx10 from Arkx.IntLib
Replace Part FH? FUSE_01550900M-SMD in C:\Onedrive\04_Development\01_Project\Active\00_Auxiliary_Bd\Proj-Auxiliary_Boards\03_DC-DC_Converter_Bd_TYPE-A\Rev_A\02_HW\Power Module (Type-A)\03_DC-DC_Converter.SchDoc with FUSE_01550900M-SMD from Arkx.IntLib
Replace Part LED? LED_MHT170RGBCT(GREEN) in C:\Onedrive\04_Development\01_Project\Active\00_Auxiliary_Bd\Proj-Auxiliary_Boards\03_DC-DC_Converter_Bd_TYPE-A\Rev_A\02_HW\Power Module (Type-A)\03_DC-DC_Converter.SchDoc with LED_MHT170RGBCT(GREEN) from Arkx.IntLib
Replace Part LED? LED_MHT170RGBCT(GREEN) in C:\Onedrive\04_Development\01_Project\Active\00_Auxiliary_Bd\Proj-Auxiliary_Boards\03_DC-DC_Converter_Bd_TYPE-A\Rev_A\02_HW\Power Module (Type-A)\03_DC-DC_Converter.SchDoc with LED_MHT170RGBCT(GREEN) from Arkx.IntLib
Replace Part LED? LED_MHT170RGBCT(GREEN) in C:\Onedrive\04_Development\01_Project\Active\00_Auxiliary_Bd\Proj-Auxiliary_Boards\03_DC-DC_Converter_Bd_TYPE-A\Rev_A\02_HW\Power Module (Type-A)\03_DC-DC_Converter.SchDoc with LED_MHT170RGBCT(GREEN) from Arkx.IntLib
Replace Part LED? LED_MHT170RGBCT(GREEN) in C:\Onedrive\04_Development\01_Project\Active\00_Auxiliary_Bd\Proj-Auxiliary_Boards\03_DC-DC_Converter_Bd_TYPE-A\Rev_A\02_HW\Power Module (Type-A)\03_DC-DC_Converter.SchDoc with LED_MHT170RGBCT(GREEN) from Arkx.IntLib
Replace Part LED? LED_MHT170RGBCT(RED) in C:\Onedrive\04_Development\01_Project\Active\00_Auxiliary_Bd\Proj-Auxiliary_Boards\03_DC-DC_Converter_Bd_TYPE-A\Rev_A\02_HW\Power Module (Type-A)\03_DC-DC_Converter.SchDoc with LED_MHT170RGBCT(RED) from Arkx.IntLib
Replace Part R? RES_0R/3216/0.25W in C:\Onedrive\04_Development\01_Project\Active\00_Auxiliary_Bd\Proj-Auxiliary_Boards\03_DC-DC_Converter_Bd_TYPE-A\Rev_A\02_HW\Power Module (Type-A)\03_DC-DC_Converter.SchDoc with RES_0R/3216/0.25W from Arkx.IntLib
Replace Part R? RES_0R/3216/0.25W in C:\Onedrive\04_Development\01_Project\Active\00_Auxiliary_Bd\Proj-Auxiliary_Boards\03_DC-DC_Converter_Bd_TYPE-A\Rev_A\02_HW\Power Module (Type-A)\03_DC-DC_Converter.SchDoc with RES_0R/3216/0.25W from Arkx.IntLib
Replace Part R? RES_0R/3216/0.25W in C:\Onedrive\04_Development\01_Project\Active\00_Auxiliary_Bd\Proj-Auxiliary_Boards\03_DC-DC_Converter_Bd_TYPE-A\Rev_A\02_HW\Power Module (Type-A)\03_DC-DC_Converter.SchDoc with RES_0R/3216/0.25W from Arkx.IntLib
Replace Part R? RES_10K/1608/0.1W in C:\Onedrive\04_Development\01_Project\Active\00_Auxiliary_Bd\Proj-Auxiliary_Boards\03_DC-DC_Converter_Bd_TYPE-A\Rev_A\02_HW\Power Module (Type-A)\03_DC-DC_Converter.SchDoc with RES_10K/1608/0.1W from Arkx.IntLib
Replace Part R? RES_17.4K/1608/0.1W in C:\Onedrive\04_Development\01_Project\Active\00_Auxiliary_Bd\Proj-Auxiliary_Boards\03_DC-DC_Converter_Bd_TYPE-A\Rev_A\02_HW\Power Module (Type-A)\03_DC-DC_Converter.SchDoc with RES_17.4K/1608/0.1W from Arkx.IntLib
Replace Part R? RES_18.2K/1608/0.1W in C:\Onedrive\04_Development\01_Project\Active\00_Auxiliary_Bd\Proj-Auxiliary_Boards\03_DC-DC_Converter_Bd_TYPE-A\Rev_A\02_HW\Power Module (Type-A)\03_DC-DC_Converter.SchDoc with RES_18.2K/1608/0.1W from Arkx.IntLib
Replace Part R? RES_330R/2012/0.125W in C:\Onedrive\04_Development\01_Project\Active\00_Auxiliary_Bd\Proj-Auxiliary_Boards\03_DC-DC_Converter_Bd_TYPE-A\Rev_A\02_HW\Power Module (Type-A)\03_DC-DC_Converter.SchDoc with RES_330R/2012/0.125W from Arkx.IntLib
Replace Part R? RES_100K/1608/0.1W in C:\Onedrive\04_Development\01_Project\Active\00_Auxiliary_Bd\Proj-Auxiliary_Boards\03_DC-DC_Converter_Bd_TYPE-A\Rev_A\02_HW\Power Module (Type-A)\03_DC-DC_Converter.SchDoc with RES_100K/1608/0.1W from Arkx.IntLib
Replace Part R? RES_680R/2012/0.125W in C:\Onedrive\04_Development\01_Project\Active\00_Auxiliary_Bd\Proj-Auxiliary_Boards\03_DC-DC_Converter_Bd_TYPE-A\Rev_A\02_HW\Power Module (Type-A)\03_DC-DC_Converter.SchDoc with RES_680R/2012/0.125W from Arkx.IntLib
Replace Part R? RES_680R/2012/0.125W in C:\Onedrive\04_Development\01_Project\Active\00_Auxiliary_Bd\Proj-Auxiliary_Boards\03_DC-DC_Converter_Bd_TYPE-A\Rev_A\02_HW\Power Module (Type-A)\03_DC-DC_Converter.SchDoc with RES_680R/2012/0.125W from Arkx.IntLib
Replace Part R? RES_100K/1608/0.1W in C:\Onedrive\04_Development\01_Project\Active\00_Auxiliary_Bd\Proj-Auxiliary_Boards\03_DC-DC_Converter_Bd_TYPE-A\Rev_A\02_HW\Power Module (Type-A)\03_DC-DC_Converter.SchDoc with RES_100K/1608/0.1W from Arkx.IntLib
Replace Part R? RES_93.1K/1608/0.1W in C:\Onedrive\04_Development\01_Project\Active\00_Auxiliary_Bd\Proj-Auxiliary_Boards\03_DC-DC_Converter_Bd_TYPE-A\Rev_A\02_HW\Power Module (Type-A)\03_DC-DC_Converter.SchDoc with RES_93.1K/1608/0.1W from Arkx.IntLib
Replace Part R? RES_39.2K/1608/0.1W in C:\Onedrive\04_Development\01_Project\Active\00_Auxiliary_Bd\Proj-Auxiliary_Boards\03_DC-DC_Converter_Bd_TYPE-A\Rev_A\02_HW\Power Module (Type-A)\03_DC-DC_Converter.SchDoc with RES_39.2K/1608/0.1W from Arkx.IntLib
Replace Part R? RES_15K/1608/0.1W in C:\Onedrive\04_Development\01_Project\Active\00_Auxiliary_Bd\Proj-Auxiliary_Boards\03_DC-DC_Converter_Bd_TYPE-A\Rev_A\02_HW\Power Module (Type-A)\03_DC-DC_Converter.SchDoc with RES_15K/1608/0.1W from Arkx.IntLib
Replace Part R? RES_4.7K/2012/0.125W in C:\Onedrive\04_Development\01_Project\Active\00_Auxiliary_Bd\Proj-Auxiliary_Boards\03_DC-DC_Converter_Bd_TYPE-A\Rev_A\02_HW\Power Module (Type-A)\03_DC-DC_Converter.SchDoc with RES_4.7K/2012/0.125W from Arkx.IntLib
Replace Part R? RES_4.7K/2012/0.125W in C:\Onedrive\04_Development\01_Project\Active\00_Auxiliary_Bd\Proj-Auxiliary_Boards\03_DC-DC_Converter_Bd_TYPE-A\Rev_A\02_HW\Power Module (Type-A)\03_DC-DC_Converter.SchDoc with RES_4.7K/2012/0.125W from Arkx.IntLib
Replace Part SB? SB_Solder-Bridge in C:\Onedrive\04_Development\01_Project\Active\00_Auxiliary_Bd\Proj-Auxiliary_Boards\03_DC-DC_Converter_Bd_TYPE-A\Rev_A\02_HW\Power Module (Type-A)\03_DC-DC_Converter.SchDoc with SB_Solder-Bridge from Arkx.IntLib
Replace Part SB? SB_Solder-Bridge in C:\Onedrive\04_Development\01_Project\Active\00_Auxiliary_Bd\Proj-Auxiliary_Boards\03_DC-DC_Converter_Bd_TYPE-A\Rev_A\02_HW\Power Module (Type-A)\03_DC-DC_Converter.SchDoc with SB_Solder-Bridge from Arkx.IntLib
Replace Part TP? TP_CIRCLE in C:\Onedrive\04_Development\01_Project\Active\00_Auxiliary_Bd\Proj-Auxiliary_Boards\03_DC-DC_Converter_Bd_TYPE-A\Rev_A\02_HW\Power Module (Type-A)\03_DC-DC_Converter.SchDoc with TP_CIRCLE from Arkx.IntLib
Replace Part TP? TP_CIRCLE in C:\Onedrive\04_Development\01_Project\Active\00_Auxiliary_Bd\Proj-Auxiliary_Boards\03_DC-DC_Converter_Bd_TYPE-A\Rev_A\02_HW\Power Module (Type-A)\03_DC-DC_Converter.SchDoc with TP_CIRCLE from Arkx.IntLib
Replace Part U? IC_REG_AMS1117-3.3 in C:\Onedrive\04_Development\01_Project\Active\00_Auxiliary_Bd\Proj-Auxiliary_Boards\03_DC-DC_Converter_Bd_TYPE-A\Rev_A\02_HW\Power Module (Type-A)\03_DC-DC_Converter.SchDoc with IC_REG_AMS1117-3.3 from Arkx.IntLib
Replace Part U? IC_REG_LTM8074IY#PBF in C:\Onedrive\04_Development\01_Project\Active\00_Auxiliary_Bd\Proj-Auxiliary_Boards\03_DC-DC_Converter_Bd_TYPE-A\Rev_A\02_HW\Power Module (Type-A)\03_DC-DC_Converter.SchDoc with IC_REG_LTM8074IY#PBF from Arkx.IntLib
Replace Part U? IC_REG_LTM8023EV#PBF in C:\Onedrive\04_Development\01_Project\Active\00_Auxiliary_Bd\Proj-Auxiliary_Boards\03_DC-DC_Converter_Bd_TYPE-A\Rev_A\02_HW\Power Module (Type-A)\03_DC-DC_Converter.SchDoc with IC_REG_LTM8023EV#PBF from Arkx.IntLib
Replace Part ZD? DIO_SMAJ24A in C:\Onedrive\04_Development\01_Project\Active\00_Auxiliary_Bd\Proj-Auxiliary_Boards\03_DC-DC_Converter_Bd_TYPE-A\Rev_A\02_HW\Power Module (Type-A)\03_DC-DC_Converter.SchDoc with DIO_SMAJ24A from Arkx.IntLib
